Args in experiment:
Namespace(random_seed=2021, is_training=1, model_id='BTCM_240_10', model='PatchTST', data='custom', root_path='/root/kalshibot', data_path='data/btc_minutes_100000_with_features.csv', features='MS', target='close', freq='min', checkpoints='./checkpoints/', seq_len=240, label_len=10, pred_len=10, fc_dropout=0.05, head_dropout=0.1, patch_len=3, stride=1, padding_patch='end', revin=1, affine=0, subtract_last=0, decomposition=0, kernel_size=25, individual=0, embed_type=0, enc_in=5, dec_in=5, c_out=1, d_model=128, n_heads=4, e_layers=4, d_layers=1, d_ff=512, moving_avg=25, factor=1, distil=True, dropout=0.05, embed='timeF', activation='gelu', output_attention=False, do_predict=False, num_workers=10, itr=1, train_epochs=10, batch_size=128, patience=100, learning_rate=0.001, des='BTCM_240to10_mse_more_features', loss='mse', lradj='type3', pct_start=0.3, use_amp=False, use_gpu=True, gpu=0, use_multi_gpu=False, devices='0,1,2,3', test_flop=False)
Use GPU: cuda:0
>>>>>>>start training : BTCM_240_10_PatchTST_custom_ftMS_sl240_ll10_pl10_dm128_nh4_el4_dl1_df512_fc1_ebtimeF_dtTrue_BTCM_240to10_mse_more_features_0>>>>>>>>>>>>>>>>>>>>>>>>>>
train 68934
val 9875
test 19757
	iters: 100, epoch: 1 | loss: 0.0012793
	speed: 0.8276s/iter; left time: 4370.7806s
	iters: 200, epoch: 1 | loss: 0.0008760
	speed: 0.8224s/iter; left time: 4260.9219s
	iters: 300, epoch: 1 | loss: 0.0013231
	speed: 0.8225s/iter; left time: 4179.0710s
	iters: 400, epoch: 1 | loss: 0.0013752
	speed: 0.8220s/iter; left time: 4094.3100s
	iters: 500, epoch: 1 | loss: 0.0020118
	speed: 0.8226s/iter; left time: 4015.2089s
Epoch: 1 cost time: 442.3893234729767
Epoch: 1, Steps: 538 | Train Loss: 0.0014687 Vali Loss: 0.0005801 Test Loss: 0.0012174
Validation loss decreased (inf --> 0.000580).  Saving model ...
Updating learning rate to 0.001
	iters: 100, epoch: 2 | loss: 0.0014166
	speed: 1.8424s/iter; left time: 8738.3088s
	iters: 200, epoch: 2 | loss: 0.0016399
	speed: 0.8217s/iter; left time: 3815.3130s
	iters: 300, epoch: 2 | loss: 0.0009849
	speed: 0.8217s/iter; left time: 3732.9782s
	iters: 400, epoch: 2 | loss: 0.0013186
	speed: 0.8220s/iter; left time: 3652.0753s
	iters: 500, epoch: 2 | loss: 0.0012108
	speed: 0.8218s/iter; left time: 3569.1856s
