Args in experiment:
Namespace(random_seed=2021, is_training=1, model_id='BTCM_240_15', model='PatchTST', data='custom', root_path='/root/kalshibot', data_path='data/btc_minutes_100000.csv', features='MS', target='close', freq='min', checkpoints='./checkpoints/', seq_len=240, label_len=15, pred_len=15, fc_dropout=0.05, head_dropout=0.1, patch_len=3, stride=1, padding_patch='end', revin=1, affine=0, subtract_last=0, decomposition=0, kernel_size=25, individual=0, embed_type=0, enc_in=5, dec_in=5, c_out=1, d_model=128, n_heads=4, e_layers=4, d_layers=1, d_ff=512, moving_avg=25, factor=1, distil=True, dropout=0.05, embed='timeF', activation='gelu', output_attention=False, do_predict=False, num_workers=10, itr=1, train_epochs=10, batch_size=128, patience=100, learning_rate=0.001, des='BTCM_240to15_mse', loss='mse', lradj='type3', pct_start=0.3, use_amp=False, use_gpu=True, gpu=0, use_multi_gpu=False, devices='0,1,2,3', test_flop=False)
Use GPU: cuda:0
>>>>>>>start training : BTCM_240_15_PatchTST_custom_ftMS_sl240_ll15_pl15_dm128_nh4_el4_dl1_df512_fc1_ebtimeF_dtTrue_BTCM_240to15_mse_0>>>>>>>>>>>>>>>>>>>>>>>>>>
train 69448
val 9944
test 19901
	iters: 100, epoch: 1 | loss: 0.0015952
	speed: 0.2183s/iter; left time: 1161.6225s
	iters: 200, epoch: 1 | loss: 0.0014794
	speed: 0.2086s/iter; left time: 1089.1018s
	iters: 300, epoch: 1 | loss: 0.0014898
	speed: 0.2103s/iter; left time: 1077.0834s
	iters: 400, epoch: 1 | loss: 0.0016445
	speed: 0.2104s/iter; left time: 1056.4650s
	iters: 500, epoch: 1 | loss: 0.0011453
	speed: 0.2104s/iter; left time: 1035.1329s
Epoch: 1 cost time: 114.02164649963379
Epoch: 1, Steps: 542 | Train Loss: 0.0016939 Vali Loss: 0.0007484 Test Loss: 0.0016033
Validation loss decreased (inf --> 0.000748).  Saving model ...
Updating learning rate to 0.001
	iters: 100, epoch: 2 | loss: 0.0018803
	speed: 0.5095s/iter; left time: 2435.0948s
	iters: 200, epoch: 2 | loss: 0.0016939
	speed: 0.2102s/iter; left time: 983.3403s
	iters: 300, epoch: 2 | loss: 0.0015253
	speed: 0.2104s/iter; left time: 963.4830s
	iters: 400, epoch: 2 | loss: 0.0012370
	speed: 0.2105s/iter; left time: 942.7421s
	iters: 500, epoch: 2 | loss: 0.0014268
	speed: 0.2105s/iter; left time: 921.7925s
Epoch: 2 cost time: 114.38142466545105
Epoch: 2, Steps: 542 | Train Loss: 0.0016198 Vali Loss: 0.0007265 Test Loss: 0.0015256
Validation loss decreased (0.000748 --> 0.000727).  Saving model ...
Updating learning rate to 0.001
	iters: 100, epoch: 3 | loss: 0.0015090
	speed: 0.5018s/iter; left time: 2126.1188s
	iters: 200, epoch: 3 | loss: 0.0012560
	speed: 0.2119s/iter; left time: 876.5924s
	iters: 300, epoch: 3 | loss: 0.0014672
	speed: 0.2108s/iter; left time: 851.0770s
	iters: 400, epoch: 3 | loss: 0.0012269
	speed: 0.2115s/iter; left time: 832.5762s
	iters: 500, epoch: 3 | loss: 0.0022103
	speed: 0.2103s/iter; left time: 806.8190s
Epoch: 3 cost time: 114.6788854598999
Epoch: 3, Steps: 542 | Train Loss: 0.0015023 Vali Loss: 0.0009190 Test Loss: 0.0018914
EarlyStopping counter: 1 out of 100
Updating learning rate to 0.001
	iters: 100, epoch: 4 | loss: 0.0016744
	speed: 0.5038s/iter; left time: 1861.6305s
	iters: 200, epoch: 4 | loss: 0.0012021
	speed: 0.2107s/iter; left time: 757.5931s
	iters: 300, epoch: 4 | loss: 0.0014273
	speed: 0.2117s/iter; left time: 739.9982s
	iters: 400, epoch: 4 | loss: 0.0013028
	speed: 0.2114s/iter; left time: 717.5945s
	iters: 500, epoch: 4 | loss: 0.0020653
	speed: 0.2106s/iter; left time: 693.9994s
Epoch: 4 cost time: 114.79548406600952
Epoch: 4, Steps: 542 | Train Loss: 0.0015311 Vali Loss: 0.0007858 Test Loss: 0.0016881
EarlyStopping counter: 2 out of 100
Updating learning rate to 0.0009000000000000001
	iters: 100, epoch: 5 | loss: 0.0011221
	speed: 0.5116s/iter; left time: 1613.0934s
	iters: 200, epoch: 5 | loss: 0.0018598
	speed: 0.2117s/iter; left time: 646.2335s
	iters: 300, epoch: 5 | loss: 0.0013441
	speed: 0.2107s/iter; left time: 622.1964s
	iters: 400, epoch: 5 | loss: 0.0012007
	speed: 0.2117s/iter; left time: 603.8677s
	iters: 500, epoch: 5 | loss: 0.0021836
	speed: 0.2100s/iter; left time: 578.0252s
Epoch: 5 cost time: 114.68315553665161
Epoch: 5, Steps: 542 | Train Loss: 0.0014952 Vali Loss: 0.0007581 Test Loss: 0.0015778
EarlyStopping counter: 3 out of 100
Updating learning rate to 0.0008100000000000001
	iters: 100, epoch: 6 | loss: 0.0013258
	speed: 0.5063s/iter; left time: 1321.9454s
